\BOOKMARK [0][-]{chapter.1}{Chapter 1. Introduction}{}% 1
\BOOKMARK [1][-]{section*.1}{Overview}{chapter.1}% 2
\BOOKMARK [0][-]{chapter.2}{Chapter 2. Tensors}{}% 3
\BOOKMARK [1][-]{section.2.1}{1. Creating tensors}{chapter.2}% 4
\BOOKMARK [1][-]{section.2.2}{2. Operations with Tensors}{chapter.2}% 5
\BOOKMARK [1][-]{section.2.3}{3. Invariants of tensors}{chapter.2}% 6
\BOOKMARK [1][-]{section.2.4}{4. Exporting tensors}{chapter.2}% 7
\BOOKMARK [1][-]{section.2.5}{5. Invariants of nonassociative algebras}{chapter.2}% 8
\BOOKMARK [0][-]{chapter.3}{Chapter 3. Tensor spaces}{}% 9
\BOOKMARK [1][-]{section.3.1}{1. Constructions of tensor and cotensor spaces}{chapter.3}% 10
\BOOKMARK [1][-]{section.3.2}{2. Operations on tensor spaces}{chapter.3}% 11
\BOOKMARK [0][-]{chapter.4}{Chapter 4. Tensor categories}{}% 12
\BOOKMARK [1][-]{section.4.1}{1. Creating tensor categories}{chapter.4}% 13
\BOOKMARK [1][-]{section.4.2}{2. Operations on tensor categories}{chapter.4}% 14
\BOOKMARK [1][-]{section.4.3}{3. Categorical operations}{chapter.4}% 15
\BOOKMARK [1][-]{section.4.4}{4. Homotopisms}{chapter.4}% 16
\BOOKMARK [0][-]{chapter.5}{Chapter 5. Exceptional tensors}{}% 17
\BOOKMARK [1][-]{section.5.1}{1. Generics for nonassociative algebras}{chapter.5}% 18
\BOOKMARK [1][-]{section.5.2}{2. Compositions algebras}{chapter.5}% 19
\BOOKMARK [1][-]{section.5.3}{3. Jordan algebras}{chapter.5}% 20
\BOOKMARK [0][-]{chapter.6}{Chapter 6. Some examples}{}% 21
\BOOKMARK [1][-]{section.6.1}{1. Distinguishing groups}{chapter.6}% 22
\BOOKMARK [1][-]{section.6.2}{2. Simplifying automorphism group computations}{chapter.6}% 23
\BOOKMARK [0][-]{appendix.A}{Appendix A. Cyclic algebras and their modules}{}% 24
\BOOKMARK [0][-]{appendix*.2}{Bibliography}{}% 25
\BOOKMARK [0][-]{appendix*.3}{Index}{}% 26
